[0.181s] Invoking command in '/home/ros2_foxy/arduinobot_ws/build/manipulator_description': CMAKE_PREFIX_PATH=${CMAKE_PREFIX_PATH}:/opt/ros/foxy /usr/bin/cmake --build /home/ros2_foxy/arduinobot_ws/build/manipulator_description -- -j2 -l2
[0.219s] -- Found ament_cmake: 0.9.12 (/opt/ros/foxy/share/ament_cmake/cmake)
[0.234s] -- Using PYTHON_EXECUTABLE: /usr/bin/python3
[0.334s] -- Found ament_lint_auto: 0.9.8 (/opt/ros/foxy/share/ament_lint_auto/cmake)
[0.377s] -- Added test 'lint_cmake' to check CMake code style
[0.378s] -- Added test 'xmllint' to check XML markup files
[0.379s] -- Configuring done
[0.383s] -- Generating done
[0.383s] -- Build files have been written to: /home/ros2_foxy/arduinobot_ws/build/manipulator_description
[0.395s] Invoked command in '/home/ros2_foxy/arduinobot_ws/build/manipulator_description' returned '0': CMAKE_PREFIX_PATH=${CMAKE_PREFIX_PATH}:/opt/ros/foxy /usr/bin/cmake --build /home/ros2_foxy/arduinobot_ws/build/manipulator_description -- -j2 -l2
[0.413s] Invoking command in '/home/ros2_foxy/arduinobot_ws/build/manipulator_description': CMAKE_PREFIX_PATH=${CMAKE_PREFIX_PATH}:/opt/ros/foxy /usr/bin/cmake --install /home/ros2_foxy/arduinobot_ws/build/manipulator_description
[0.417s] -- Install configuration: ""
[0.417s] -- Installing: /home/ros2_foxy/arduinobot_ws/install/manipulator_description/share/manipulator_description/meshes
[0.418s] -- Installing: /home/ros2_foxy/arduinobot_ws/install/manipulator_description/share/manipulator_description/meshes/plate.STL
[0.423s] -- Installing: /home/ros2_foxy/arduinobot_ws/install/manipulator_description/share/manipulator_description/meshes/forward_drive_arm.STL
[0.427s] -- Installing: /home/ros2_foxy/arduinobot_ws/install/manipulator_description/share/manipulator_description/meshes/right_finger.STL
[0.427s] -- Installing: /home/ros2_foxy/arduinobot_ws/install/manipulator_description/share/manipulator_description/meshes/round_plate.STL
[0.429s] -- Installing: /home/ros2_foxy/arduinobot_ws/install/manipulator_description/share/manipulator_description/meshes/link.STL
[0.430s] -- Installing: /home/ros2_foxy/arduinobot_ws/install/manipulator_description/share/manipulator_description/meshes/left_finger.STL
[0.430s] -- Installing: /home/ros2_foxy/arduinobot_ws/install/manipulator_description/share/manipulator_description/meshes/base_plate.STL
[0.433s] -- Installing: /home/ros2_foxy/arduinobot_ws/install/manipulator_description/share/manipulator_description/meshes/claw_support.STL
[0.434s] -- Installing: /home/ros2_foxy/arduinobot_ws/install/manipulator_description/share/manipulator_description/meshes/servo_plate.STL
[0.435s] -- Installing: /home/ros2_foxy/arduinobot_ws/install/manipulator_description/share/manipulator_description/meshes/basement.STL
[0.438s] -- Installing: /home/ros2_foxy/arduinobot_ws/install/manipulator_description/share/manipulator_description/meshes/triangular_link.STL
[0.441s] -- Installing: /home/ros2_foxy/arduinobot_ws/install/manipulator_description/share/manipulator_description/meshes/vertical_drive_arm.STL
[0.443s] -- Installing: /home/ros2_foxy/arduinobot_ws/install/manipulator_description/share/manipulator_description/meshes/horizontal_arm.STL
[0.449s] -- Installing: /home/ros2_foxy/arduinobot_ws/install/manipulator_description/share/manipulator_description/urdf
[0.449s] -- Installing: /home/ros2_foxy/arduinobot_ws/install/manipulator_description/share/manipulator_description/urdf/manipulator.urdf.xacro
[0.449s] -- Up-to-date: /home/ros2_foxy/arduinobot_ws/install/manipulator_description/share/ament_index/resource_index/package_run_dependencies/manipulator_description
[0.450s] -- Installing: /home/ros2_foxy/arduinobot_ws/install/manipulator_description/share/ament_index/resource_index/parent_prefix_path/manipulator_description
[0.450s] -- Up-to-date: /home/ros2_foxy/arduinobot_ws/install/manipulator_description/share/manipulator_description/environment/ament_prefix_path.sh
[0.450s] -- Installing: /home/ros2_foxy/arduinobot_ws/install/manipulator_description/share/manipulator_description/environment/ament_prefix_path.dsv
[0.450s] -- Up-to-date: /home/ros2_foxy/arduinobot_ws/install/manipulator_description/share/manipulator_description/environment/path.sh
[0.450s] -- Installing: /home/ros2_foxy/arduinobot_ws/install/manipulator_description/share/manipulator_description/environment/path.dsv
[0.451s] -- Up-to-date: /home/ros2_foxy/arduinobot_ws/install/manipulator_description/share/manipulator_description/local_setup.bash
[0.451s] -- Up-to-date: /home/ros2_foxy/arduinobot_ws/install/manipulator_description/share/manipulator_description/local_setup.sh
[0.451s] -- Up-to-date: /home/ros2_foxy/arduinobot_ws/install/manipulator_description/share/manipulator_description/local_setup.zsh
[0.451s] -- Installing: /home/ros2_foxy/arduinobot_ws/install/manipulator_description/share/manipulator_description/local_setup.dsv
[0.453s] -- Installing: /home/ros2_foxy/arduinobot_ws/install/manipulator_description/share/manipulator_description/package.dsv
[0.453s] -- Up-to-date: /home/ros2_foxy/arduinobot_ws/install/manipulator_description/share/ament_index/resource_index/packages/manipulator_description
[0.453s] -- Up-to-date: /home/ros2_foxy/arduinobot_ws/install/manipulator_description/share/manipulator_description/cmake/manipulator_descriptionConfig.cmake
[0.454s] -- Up-to-date: /home/ros2_foxy/arduinobot_ws/install/manipulator_description/share/manipulator_description/cmake/manipulator_descriptionConfig-version.cmake
[0.454s] -- Up-to-date: /home/ros2_foxy/arduinobot_ws/install/manipulator_description/share/manipulator_description/package.xml
[0.471s] Invoked command in '/home/ros2_foxy/arduinobot_ws/build/manipulator_description' returned '0': CMAKE_PREFIX_PATH=${CMAKE_PREFIX_PATH}:/opt/ros/foxy /usr/bin/cmake --install /home/ros2_foxy/arduinobot_ws/build/manipulator_description
