[0.078s] Invoking command in '/home/ros2_foxy/arduinobot_ws/build/manipulator_description': /usr/bin/cmake --build /home/ros2_foxy/arduinobot_ws/build/manipulator_description -- -j2 -l2
[0.155s] Invoked command in '/home/ros2_foxy/arduinobot_ws/build/manipulator_description' returned '0': /usr/bin/cmake --build /home/ros2_foxy/arduinobot_ws/build/manipulator_description -- -j2 -l2
[0.176s] Invoking command in '/home/ros2_foxy/arduinobot_ws/build/manipulator_description': /usr/bin/cmake --install /home/ros2_foxy/arduinobot_ws/build/manipulator_description
[0.186s] -- Install configuration: ""
[0.186s] -- Up-to-date: /home/ros2_foxy/arduinobot_ws/install/manipulator_description/share/manipulator_description/meshes
[0.186s] -- Up-to-date: /home/ros2_foxy/arduinobot_ws/install/manipulator_description/share/manipulator_description/meshes/plate.STL
[0.186s] -- Up-to-date: /home/ros2_foxy/arduinobot_ws/install/manipulator_description/share/manipulator_description/meshes/forward_drive_arm.STL
[0.187s] -- Up-to-date: /home/ros2_foxy/arduinobot_ws/install/manipulator_description/share/manipulator_description/meshes/right_finger.STL
[0.187s] -- Up-to-date: /home/ros2_foxy/arduinobot_ws/install/manipulator_description/share/manipulator_description/meshes/round_plate.STL
[0.187s] -- Up-to-date: /home/ros2_foxy/arduinobot_ws/install/manipulator_description/share/manipulator_description/meshes/link.STL
[0.187s] -- Up-to-date: /home/ros2_foxy/arduinobot_ws/install/manipulator_description/share/manipulator_description/meshes/left_finger.STL
[0.187s] -- Up-to-date: /home/ros2_foxy/arduinobot_ws/install/manipulator_description/share/manipulator_description/meshes/base_plate.STL
[0.187s] -- Up-to-date: /home/ros2_foxy/arduinobot_ws/install/manipulator_description/share/manipulator_description/meshes/claw_support.STL
[0.187s] -- Up-to-date: /home/ros2_foxy/arduinobot_ws/install/manipulator_description/share/manipulator_description/meshes/servo_plate.STL
[0.187s] -- Up-to-date: /home/ros2_foxy/arduinobot_ws/install/manipulator_description/share/manipulator_description/meshes/basement.STL
[0.187s] -- Up-to-date: /home/ros2_foxy/arduinobot_ws/install/manipulator_description/share/manipulator_description/meshes/triangular_link.STL
[0.187s] -- Up-to-date: /home/ros2_foxy/arduinobot_ws/install/manipulator_description/share/manipulator_description/meshes/vertical_drive_arm.STL
[0.187s] -- Up-to-date: /home/ros2_foxy/arduinobot_ws/install/manipulator_description/share/manipulator_description/meshes/horizontal_arm.STL
[0.187s] -- Up-to-date: /home/ros2_foxy/arduinobot_ws/install/manipulator_description/share/manipulator_description/urdf
[0.187s] -- Installing: /home/ros2_foxy/arduinobot_ws/install/manipulator_description/share/manipulator_description/urdf/manipulator.urdf.xacro
[0.187s] -- Up-to-date: /home/ros2_foxy/arduinobot_ws/install/manipulator_description/share/ament_index/resource_index/package_run_dependencies/manipulator_description
[0.187s] -- Up-to-date: /home/ros2_foxy/arduinobot_ws/install/manipulator_description/share/ament_index/resource_index/parent_prefix_path/manipulator_description
[0.187s] -- Up-to-date: /home/ros2_foxy/arduinobot_ws/install/manipulator_description/share/manipulator_description/environment/ament_prefix_path.sh
[0.187s] -- Up-to-date: /home/ros2_foxy/arduinobot_ws/install/manipulator_description/share/manipulator_description/environment/ament_prefix_path.dsv
[0.187s] -- Up-to-date: /home/ros2_foxy/arduinobot_ws/install/manipulator_description/share/manipulator_description/environment/path.sh
[0.187s] -- Up-to-date: /home/ros2_foxy/arduinobot_ws/install/manipulator_description/share/manipulator_description/environment/path.dsv
[0.187s] -- Up-to-date: /home/ros2_foxy/arduinobot_ws/install/manipulator_description/share/manipulator_description/local_setup.bash
[0.187s] -- Up-to-date: /home/ros2_foxy/arduinobot_ws/install/manipulator_description/share/manipulator_description/local_setup.sh
[0.187s] -- Up-to-date: /home/ros2_foxy/arduinobot_ws/install/manipulator_description/share/manipulator_description/local_setup.zsh
[0.187s] -- Up-to-date: /home/ros2_foxy/arduinobot_ws/install/manipulator_description/share/manipulator_description/local_setup.dsv
[0.187s] -- Installing: /home/ros2_foxy/arduinobot_ws/install/manipulator_description/share/manipulator_description/package.dsv
[0.187s] -- Up-to-date: /home/ros2_foxy/arduinobot_ws/install/manipulator_description/share/ament_index/resource_index/packages/manipulator_description
[0.187s] -- Up-to-date: /home/ros2_foxy/arduinobot_ws/install/manipulator_description/share/manipulator_description/cmake/manipulator_descriptionConfig.cmake
[0.187s] -- Up-to-date: /home/ros2_foxy/arduinobot_ws/install/manipulator_description/share/manipulator_description/cmake/manipulator_descriptionConfig-version.cmake
[0.187s] -- Up-to-date: /home/ros2_foxy/arduinobot_ws/install/manipulator_description/share/manipulator_description/package.xml
[0.193s] Invoked command in '/home/ros2_foxy/arduinobot_ws/build/manipulator_description' returned '0': /usr/bin/cmake --install /home/ros2_foxy/arduinobot_ws/build/manipulator_description
