[0.251s] Invoking command in '/home/ros2_foxy/arduinobot_ws/build/manipulator_description': CMAKE_PREFIX_PATH=${CMAKE_PREFIX_PATH}:/opt/ros/foxy /usr/bin/cmake --build /home/ros2_foxy/arduinobot_ws/build/manipulator_description -- -j2 -l2
[0.324s] Invoked command in '/home/ros2_foxy/arduinobot_ws/build/manipulator_description' returned '0': CMAKE_PREFIX_PATH=${CMAKE_PREFIX_PATH}:/opt/ros/foxy /usr/bin/cmake --build /home/ros2_foxy/arduinobot_ws/build/manipulator_description -- -j2 -l2
[0.345s] Invoking command in '/home/ros2_foxy/arduinobot_ws/build/manipulator_description': CMAKE_PREFIX_PATH=${CMAKE_PREFIX_PATH}:/opt/ros/foxy /usr/bin/cmake --install /home/ros2_foxy/arduinobot_ws/build/manipulator_description
[0.352s] -- Install configuration: ""
[0.352s] -- Up-to-date: /home/ros2_foxy/arduinobot_ws/install/manipulator_description/share/manipulator_description/meshes
[0.353s] -- Up-to-date: /home/ros2_foxy/arduinobot_ws/install/manipulator_description/share/manipulator_description/meshes/plate.STL
[0.353s] -- Up-to-date: /home/ros2_foxy/arduinobot_ws/install/manipulator_description/share/manipulator_description/meshes/forward_drive_arm.STL
[0.354s] -- Up-to-date: /home/ros2_foxy/arduinobot_ws/install/manipulator_description/share/manipulator_description/meshes/right_finger.STL
[0.355s] -- Up-to-date: /home/ros2_foxy/arduinobot_ws/install/manipulator_description/share/manipulator_description/meshes/pi_camera.STL
[0.355s] -- Up-to-date: /home/ros2_foxy/arduinobot_ws/install/manipulator_description/share/manipulator_description/meshes/round_plate.STL
[0.355s] -- Up-to-date: /home/ros2_foxy/arduinobot_ws/install/manipulator_description/share/manipulator_description/meshes/link.STL
[0.356s] -- Up-to-date: /home/ros2_foxy/arduinobot_ws/install/manipulator_description/share/manipulator_description/meshes/left_finger.STL
[0.356s] -- Up-to-date: /home/ros2_foxy/arduinobot_ws/install/manipulator_description/share/manipulator_description/meshes/base_plate.STL
[0.356s] -- Up-to-date: /home/ros2_foxy/arduinobot_ws/install/manipulator_description/share/manipulator_description/meshes/claw_support.STL
[0.357s] -- Up-to-date: /home/ros2_foxy/arduinobot_ws/install/manipulator_description/share/manipulator_description/meshes/servo_plate.STL
[0.357s] -- Up-to-date: /home/ros2_foxy/arduinobot_ws/install/manipulator_description/share/manipulator_description/meshes/basement.STL
[0.358s] -- Up-to-date: /home/ros2_foxy/arduinobot_ws/install/manipulator_description/share/manipulator_description/meshes/triangular_link.STL
[0.358s] -- Up-to-date: /home/ros2_foxy/arduinobot_ws/install/manipulator_description/share/manipulator_description/meshes/vertical_drive_arm.STL
[0.358s] -- Up-to-date: /home/ros2_foxy/arduinobot_ws/install/manipulator_description/share/manipulator_description/meshes/horizontal_arm.STL
[0.359s] -- Up-to-date: /home/ros2_foxy/arduinobot_ws/install/manipulator_description/share/manipulator_description/urdf
[0.359s] -- Installing: /home/ros2_foxy/arduinobot_ws/install/manipulator_description/share/manipulator_description/urdf/manipulator.urdf.xacro
[0.360s] -- Up-to-date: /home/ros2_foxy/arduinobot_ws/install/manipulator_description/share/manipulator_description/launch
[0.361s] -- Up-to-date: /home/ros2_foxy/arduinobot_ws/install/manipulator_description/share/manipulator_description/launch/display.launch.py
[0.361s] -- Up-to-date: /home/ros2_foxy/arduinobot_ws/install/manipulator_description/share/manipulator_description/rviz
[0.362s] -- Up-to-date: /home/ros2_foxy/arduinobot_ws/install/manipulator_description/share/manipulator_description/rviz/display.rviz
[0.362s] -- Up-to-date: /home/ros2_foxy/arduinobot_ws/install/manipulator_description/share/ament_index/resource_index/package_run_dependencies/manipulator_description
[0.362s] -- Up-to-date: /home/ros2_foxy/arduinobot_ws/install/manipulator_description/share/ament_index/resource_index/parent_prefix_path/manipulator_description
[0.363s] -- Up-to-date: /home/ros2_foxy/arduinobot_ws/install/manipulator_description/share/manipulator_description/environment/ament_prefix_path.sh
[0.363s] -- Up-to-date: /home/ros2_foxy/arduinobot_ws/install/manipulator_description/share/manipulator_description/environment/ament_prefix_path.dsv
[0.364s] -- Up-to-date: /home/ros2_foxy/arduinobot_ws/install/manipulator_description/share/manipulator_description/environment/path.sh
[0.364s] -- Up-to-date: /home/ros2_foxy/arduinobot_ws/install/manipulator_description/share/manipulator_description/environment/path.dsv
[0.364s] -- Up-to-date: /home/ros2_foxy/arduinobot_ws/install/manipulator_description/share/manipulator_description/local_setup.bash
[0.365s] -- Up-to-date: /home/ros2_foxy/arduinobot_ws/install/manipulator_description/share/manipulator_description/local_setup.sh
[0.365s] -- Up-to-date: /home/ros2_foxy/arduinobot_ws/install/manipulator_description/share/manipulator_description/local_setup.zsh
[0.365s] -- Up-to-date: /home/ros2_foxy/arduinobot_ws/install/manipulator_description/share/manipulator_description/local_setup.dsv
[0.366s] -- Installing: /home/ros2_foxy/arduinobot_ws/install/manipulator_description/share/manipulator_description/package.dsv
[0.366s] -- Up-to-date: /home/ros2_foxy/arduinobot_ws/install/manipulator_description/share/ament_index/resource_index/packages/manipulator_description
[0.367s] -- Up-to-date: /home/ros2_foxy/arduinobot_ws/install/manipulator_description/share/manipulator_description/cmake/manipulator_descriptionConfig.cmake
[0.367s] -- Up-to-date: /home/ros2_foxy/arduinobot_ws/install/manipulator_description/share/manipulator_description/cmake/manipulator_descriptionConfig-version.cmake
[0.367s] -- Up-to-date: /home/ros2_foxy/arduinobot_ws/install/manipulator_description/share/manipulator_description/package.xml
[0.369s] Invoked command in '/home/ros2_foxy/arduinobot_ws/build/manipulator_description' returned '0': CMAKE_PREFIX_PATH=${CMAKE_PREFIX_PATH}:/opt/ros/foxy /usr/bin/cmake --install /home/ros2_foxy/arduinobot_ws/build/manipulator_description
