[0.213s] Invoking command in '/home/ros2_foxy/arduinobot_ws/build/manipulator_description': CMAKE_PREFIX_PATH=${CMAKE_PREFIX_PATH}:/opt/ros/foxy /usr/bin/cmake --build /home/ros2_foxy/arduinobot_ws/build/manipulator_description -- -j2 -l2
[0.266s] Invoked command in '/home/ros2_foxy/arduinobot_ws/build/manipulator_description' returned '0': CMAKE_PREFIX_PATH=${CMAKE_PREFIX_PATH}:/opt/ros/foxy /usr/bin/cmake --build /home/ros2_foxy/arduinobot_ws/build/manipulator_description -- -j2 -l2
[0.285s] Invoking command in '/home/ros2_foxy/arduinobot_ws/build/manipulator_description': CMAKE_PREFIX_PATH=${CMAKE_PREFIX_PATH}:/opt/ros/foxy /usr/bin/cmake --install /home/ros2_foxy/arduinobot_ws/build/manipulator_description
[0.290s] -- Install configuration: ""
[0.290s] -- Up-to-date: /home/ros2_foxy/arduinobot_ws/install/manipulator_description/share/ament_index/resource_index/package_run_dependencies/manipulator_description
[0.291s] -- Up-to-date: /home/ros2_foxy/arduinobot_ws/install/manipulator_description/share/ament_index/resource_index/parent_prefix_path/manipulator_description
[0.291s] -- Up-to-date: /home/ros2_foxy/arduinobot_ws/install/manipulator_description/share/manipulator_description/environment/ament_prefix_path.sh
[0.291s] -- Up-to-date: /home/ros2_foxy/arduinobot_ws/install/manipulator_description/share/manipulator_description/environment/ament_prefix_path.dsv
[0.299s] -- Up-to-date: /home/ros2_foxy/arduinobot_ws/install/manipulator_description/share/manipulator_description/environment/path.sh
[0.299s] -- Up-to-date: /home/ros2_foxy/arduinobot_ws/install/manipulator_description/share/manipulator_description/environment/path.dsv
[0.299s] -- Up-to-date: /home/ros2_foxy/arduinobot_ws/install/manipulator_description/share/manipulator_description/local_setup.bash
[0.299s] -- Up-to-date: /home/ros2_foxy/arduinobot_ws/install/manipulator_description/share/manipulator_description/local_setup.sh
[0.299s] -- Up-to-date: /home/ros2_foxy/arduinobot_ws/install/manipulator_description/share/manipulator_description/local_setup.zsh
[0.299s] -- Up-to-date: /home/ros2_foxy/arduinobot_ws/install/manipulator_description/share/manipulator_description/local_setup.dsv
[0.299s] -- Installing: /home/ros2_foxy/arduinobot_ws/install/manipulator_description/share/manipulator_description/package.dsv
[0.299s] -- Up-to-date: /home/ros2_foxy/arduinobot_ws/install/manipulator_description/share/ament_index/resource_index/packages/manipulator_description
[0.299s] -- Up-to-date: /home/ros2_foxy/arduinobot_ws/install/manipulator_description/share/manipulator_description/cmake/manipulator_descriptionConfig.cmake
[0.299s] -- Up-to-date: /home/ros2_foxy/arduinobot_ws/install/manipulator_description/share/manipulator_description/cmake/manipulator_descriptionConfig-version.cmake
[0.299s] -- Up-to-date: /home/ros2_foxy/arduinobot_ws/install/manipulator_description/share/manipulator_description/package.xml
[0.302s] Invoked command in '/home/ros2_foxy/arduinobot_ws/build/manipulator_description' returned '0': CMAKE_PREFIX_PATH=${CMAKE_PREFIX_PATH}:/opt/ros/foxy /usr/bin/cmake --install /home/ros2_foxy/arduinobot_ws/build/manipulator_description
