[0.136s] Invoking command in '/home/ros2_foxy/arduinobot_ws/build/manipulator_description': CMAKE_PREFIX_PATH=/opt/ros/foxy /usr/bin/cmake /home/ros2_foxy/arduinobot_ws/src/manipulator_description -DCMAKE_INSTALL_PREFIX=/home/ros2_foxy/arduinobot_ws/install/manipulator_description
[0.284s] -- The C compiler identification is GNU 9.4.0
[0.373s] -- The CXX compiler identification is GNU 9.4.0
[0.379s] -- Check for working C compiler: /usr/bin/cc
[0.418s] -- Check for working C compiler: /usr/bin/cc -- works
[0.419s] -- Detecting C compiler ABI info
[0.458s] -- Detecting C compiler ABI info - done
[0.465s] -- Detecting C compile features
[0.466s] -- Detecting C compile features - done
[0.468s] -- Check for working CXX compiler: /usr/bin/c++
[0.507s] -- Check for working CXX compiler: /usr/bin/c++ -- works
[0.508s] -- Detecting CXX compiler ABI info
[0.552s] -- Detecting CXX compiler ABI info - done
[0.559s] -- Detecting CXX compile features
[0.560s] -- Detecting CXX compile features - done
[0.564s] -- Found ament_cmake: 0.9.12 (/opt/ros/foxy/share/ament_cmake/cmake)
[0.580s] -- Found PythonInterp: /usr/bin/python3 (found suitable version "3.8.10", minimum required is "3") 
[0.580s] -- Using PYTHON_EXECUTABLE: /usr/bin/python3
[0.685s] -- Found ament_lint_auto: 0.9.8 (/opt/ros/foxy/share/ament_lint_auto/cmake)
[0.732s] -- Added test 'copyright' to check source files copyright and LICENSE
[0.733s] -- Added test 'lint_cmake' to check CMake code style
[0.733s] -- Added test 'xmllint' to check XML markup files
[0.735s] -- Configuring done
[0.736s] -- Generating done
[0.737s] -- Build files have been written to: /home/ros2_foxy/arduinobot_ws/build/manipulator_description
[0.739s] Invoked command in '/home/ros2_foxy/arduinobot_ws/build/manipulator_description' returned '0': CMAKE_PREFIX_PATH=/opt/ros/foxy /usr/bin/cmake /home/ros2_foxy/arduinobot_ws/src/manipulator_description -DCMAKE_INSTALL_PREFIX=/home/ros2_foxy/arduinobot_ws/install/manipulator_description
[0.741s] Invoking command in '/home/ros2_foxy/arduinobot_ws/build/manipulator_description': CMAKE_PREFIX_PATH=/opt/ros/foxy /usr/bin/cmake --build /home/ros2_foxy/arduinobot_ws/build/manipulator_description -- -j2 -l2
[0.762s] Invoked command in '/home/ros2_foxy/arduinobot_ws/build/manipulator_description' returned '0': CMAKE_PREFIX_PATH=/opt/ros/foxy /usr/bin/cmake --build /home/ros2_foxy/arduinobot_ws/build/manipulator_description -- -j2 -l2
[0.779s] Invoking command in '/home/ros2_foxy/arduinobot_ws/build/manipulator_description': CMAKE_PREFIX_PATH=/opt/ros/foxy /usr/bin/cmake --install /home/ros2_foxy/arduinobot_ws/build/manipulator_description
[0.784s] -- Install configuration: ""
[0.784s] -- Installing: /home/ros2_foxy/arduinobot_ws/install/manipulator_description/share/ament_index/resource_index/package_run_dependencies/manipulator_description
[0.784s] -- Installing: /home/ros2_foxy/arduinobot_ws/install/manipulator_description/share/ament_index/resource_index/parent_prefix_path/manipulator_description
[0.785s] -- Installing: /home/ros2_foxy/arduinobot_ws/install/manipulator_description/share/manipulator_description/environment/ament_prefix_path.sh
[0.785s] -- Installing: /home/ros2_foxy/arduinobot_ws/install/manipulator_description/share/manipulator_description/environment/ament_prefix_path.dsv
[0.785s] -- Installing: /home/ros2_foxy/arduinobot_ws/install/manipulator_description/share/manipulator_description/environment/path.sh
[0.785s] -- Installing: /home/ros2_foxy/arduinobot_ws/install/manipulator_description/share/manipulator_description/environment/path.dsv
[0.785s] -- Installing: /home/ros2_foxy/arduinobot_ws/install/manipulator_description/share/manipulator_description/local_setup.bash
[0.785s] -- Installing: /home/ros2_foxy/arduinobot_ws/install/manipulator_description/share/manipulator_description/local_setup.sh
[0.785s] -- Installing: /home/ros2_foxy/arduinobot_ws/install/manipulator_description/share/manipulator_description/local_setup.zsh
[0.785s] -- Installing: /home/ros2_foxy/arduinobot_ws/install/manipulator_description/share/manipulator_description/local_setup.dsv
[0.786s] -- Installing: /home/ros2_foxy/arduinobot_ws/install/manipulator_description/share/manipulator_description/package.dsv
[0.786s] -- Installing: /home/ros2_foxy/arduinobot_ws/install/manipulator_description/share/ament_index/resource_index/packages/manipulator_description
[0.786s] -- Installing: /home/ros2_foxy/arduinobot_ws/install/manipulator_description/share/manipulator_description/cmake/manipulator_descriptionConfig.cmake
[0.786s] -- Installing: /home/ros2_foxy/arduinobot_ws/install/manipulator_description/share/manipulator_description/cmake/manipulator_descriptionConfig-version.cmake
[0.786s] -- Installing: /home/ros2_foxy/arduinobot_ws/install/manipulator_description/share/manipulator_description/package.xml
[0.787s] Invoked command in '/home/ros2_foxy/arduinobot_ws/build/manipulator_description' returned '0': CMAKE_PREFIX_PATH=/opt/ros/foxy /usr/bin/cmake --install /home/ros2_foxy/arduinobot_ws/build/manipulator_description
